Arguments: 
  C:\nodejs\node.exe C:\nodejs\node_modules\yarn\bin\yarn.js add -D jest supertest mongodb-memory-server

PATH: 
  C:\Users\Lenovo\bin;C:\Program Files\Git\mingw64\bin;C:\Program Files\Git\usr\local\bin;C:\Program Files\Git\usr\bin;C:\Program Files\Git\usr\bin;C:\Program Files\Git\mingw64\bin;C:\Program Files\Git\usr\bin;C:\Users\Lenovo\bin;C:\Program Files (x86)\Common Files\Oracle\Java\javapath;C:\Python39\Scripts;C:\Python39;C:\Windows\system32;C:\Windows;C:\Windows\System32\Wbem;C:\Windows\System32\WindowsPowerShell\v1.0;C:\Windows\System32\OpenSSH;C:\Program Files (x86)\NVIDIA Corporation\PhysX\Common;C:\Program Files\NVIDIA Corporation\NVIDIA NvDLISR;C:\ProgramData\chocolatey\bin;C:\Program Files\Git\cmd;C:\Program Files\dotnet;D:\Program Files\PuTTY;D:\Program Files (x86)\WinSCP;C:\Program Files\CMake\bin;C:\Program Files\NVIDIA Corporation\Nsight Compute 2020.2.1;D:\Program Files (x86)\Bitvise SSH Client;C:\WINDOWS\system32;C:\WINDOWS;C:\WINDOWS\System32\Wbem;C:\WINDOWS\System32\WindowsPowerShell\v1.0;C:\WINDOWS\System32\OpenSSH;D:\mingw64\bin;C:\apache-maven-3.5.4\bin;C:\Program Files\Docker\Docker\resources\bin;C:\ProgramData\DockerDesktop\version-bin;C:\Users\Lenovo\AppData\Roaming\nvm;C:\nodejs;C:\Program Files (x86)\Tencent\微信web开发者工具\dll;C:\Users\Lenovo\AppData\Local\Programs\Cursor\resources\app\bin;C:\Users\Lenovo\AppData\Local\Programs\Cursor\resources\app\bin;%PNPM_HOME%;C:\Users\Lenovo\.cargo\bin;C:\Users\Lenovo\AppData\Local\Microsoft\WindowsApps;D:\Program Files\Microsoft VS Code\bin;C:\Users\Lenovo\.dotnet\tools;C:\Program Files\OpenSSL-Win64;C:\Program Files\OpenSSL-Win64\include;C:\Program Files\OpenSSL-Win64\lib;C:\Users\Lenovo\AppData\Local\Programs\Fiddler;C:\Users\Lenovo\AppData\Local\Microsoft\WindowsApps;C:\Users\Lenovo\AppData\Roaming\nvm;C:\nodejs;C:\Users\Lenovo\.dotnet\tools;C:\Program Files\Git\usr\bin\vendor_perl;C:\Program Files\Git\usr\bin\core_perl

Yarn version: 
  1.22.19

Node version: 
  18.12.0

Platform: 
  win32 x64

Trace: 
  Error: connect ETIMEDOUT 104.16.29.34:443
      at TCPConnectWrap.afterConnect [as oncomplete] (node:net:1300:16)

npm manifest: 
  {
    "name": "server",
    "version": "1.0.0",
    "description": "",
    "main": "index.js",
    "scripts": {
      "start": "node app.js",
      "dev": "nodemon app.js",
      "test": "echo \"Error: no test specified\" && exit 1"
    },
    "keywords": [],
    "author": "",
    "license": "ISC",
    "dependencies": {
      "bcryptjs": "^2.4.3",
      "cors": "^2.8.5",
      "dotenv": "^16.4.5",
      "express": "^4.21.1",
      "express-validator": "^7.2.0",
      "jsonwebtoken": "^9.0.2",
      "mongoose": "^8.8.3"
    },
    "devDependencies": {
      "nodemon": "^3.1.7"
    }
  }

yarn manifest: 
  No manifest

Lockfile: 
  No lockfile
